<?xml version="1.0" encoding="UTF-8"?>
<testng-results skipped="0" failed="0" total="2" passed="2">
  <reporter-output>
  </reporter-output>
  <suite name="Default suite" duration-ms="36" started-at="2016-08-21T13:54:07Z" finished-at="2016-08-21T13:54:07Z">
    <groups>
    </groups>
    <test name="Default test" duration-ms="36" started-at="2016-08-21T13:54:07Z" finished-at="2016-08-21T13:54:07Z">
      <class name="cn.testfan.testng.UserTest">
        <test-method status="PASS" signature="login()[pri:0, instance:cn.testfan.testng.UserTest@2aafb23c]" name="login" duration-ms="15" started-at="2016-08-21T21:54:07Z" finished-at="2016-08-21T21:54:07Z">
          <reporter-output>
          </reporter-output>
        </test-method> <!-- login -->
        <test-method status="PASS" signature="login()[pri:0, instance:cn.testfan.testng.UserTest@34340fab]" name="login" duration-ms="0" started-at="2016-08-21T21:54:07Z" finished-at="2016-08-21T21:54:07Z">
          <reporter-output>
          </reporter-output>
        </test-method> <!-- login -->
      </class> <!-- cn.testfan.testng.UserTest -->
    </test> <!-- Default test -->
  </suite> <!-- Default suite -->
</testng-results>
