<?xml version="1.0" encoding="UTF-8"?>
<!-- Generated by org.testng.reporters.JUnitXMLReporter -->
<testsuite hostname="ykp-PC" name="Test" tests="4" failures="0" timestamp="21 Aug 2016 12:57:56 GMT" time="0.039" errors="0">
  <testcase name="f1" time="0.007" classname="cn.testfan.testng.Test1"/>
  <testcase name="f2" time="0.001" classname="cn.testfan.testng.Test1"/>
  <testcase name="f1" time="0.002" classname="cn.testfan.testng.Test2"/>
  <testcase name="f2" time="0.001" classname="cn.testfan.testng.Test2"/>
</testsuite> <!-- Test -->
